# JRE version: OpenJDK Runtime Environment (7.0_65-b32) (build 1.7.0_65-b32)
# Java VM: OpenJDK 64-Bit Server VM (24.65-b04 mixed mode linux-amd64 compressed oops)
Heap
 PSYoungGen      total 316928K, used 61932K [0x00000000e0000000, 0x00000000f7b00000, 0x0000000100000000)
  eden space 254976K, 0% used [0x00000000e0000000,0x00000000e0000000,0x00000000ef900000)
  from space 61952K, 99% used [0x00000000ef900000,0x00000000f357b290,0x00000000f3580000)
  to   space 52736K, 0% used [0x00000000f3580000,0x00000000f3580000,0x00000000f6900000)
 ParOldGen       total 349696K, used 54323K [0x00000000a0000000, 0x00000000b5580000, 0x00000000e0000000)
  object space 349696K, 15% used [0x00000000a0000000,0x00000000a350cdf0,0x00000000b5580000)
 PSPermGen       total 78848K, used 78415K [0x0000000090000000, 0x0000000094d00000, 0x00000000a0000000)
  object space 78848K, 99% used [0x0000000090000000,0x0000000094c93c30,0x0000000094d00000)
GC Heap History (10 events):
Event: 4.932 GC heap after
Heap after GC invocations=2 (full 0):
 PSYoungGen      total 153600K, used 14365K [0x00000000e0000000, 0x00000000eab00000, 0x0000000100000000)
  eden space 132096K, 0% used [0x00000000e0000000,0x00000000e0000000,0x00000000e8100000)
  from space 21504K, 66% used [0x00000000e9600000,0x00000000ea4077a8,0x00000000eab00000)
  to   space 21504K, 0% used [0x00000000e8100000,0x00000000e8100000,0x00000000e9600000)
 ParOldGen       total 349696K, used 581K [0x00000000a0000000, 0x00000000b5580000, 0x00000000e0000000)
  object space 349696K, 0% used [0x00000000a0000000,0x00000000a0091558,0x00000000b5580000)
 PSPermGen       total 36864K, used 36704K [0x0000000090000000, 0x0000000092400000, 0x00000000a0000000)
  object space 36864K, 99% used [0x0000000090000000,0x00000000923d82c0,0x0000000092400000)
}
Event: 6.524 GC heap before
{Heap before GC invocations=3 (full 0):
 PSYoungGen      total 153600K, used 146461K [0x00000000e0000000, 0x00000000eab00000, 0x0000000100000000)
  eden space 132096K, 100% used [0x00000000e0000000,0x00000000e8100000,0x00000000e8100000)
  from space 21504K, 66% used [0x00000000e9600000,0x00000000ea4077a8,0x00000000eab00000)
  to   space 21504K, 0% used [0x00000000e8100000,0x00000000e8100000,0x00000000e9600000)
 ParOldGen       total 349696K, used 581K [0x00000000a0000000, 0x00000000b5580000, 0x00000000e0000000)
  object space 349696K, 0% used [0x00000000a0000000,0x00000000a0091558,0x00000000b5580000)
 PSPermGen       total 41472K, used 41199K [0x0000000090000000, 0x0000000092880000, 0x00000000a0000000)
  object space 41472K, 99% used [0x0000000090000000,0x000000009283bce8,0x0000000092880000)
Event: 6.541 GC heap after
Heap after GC invocations=3 (full 0):
 PSYoungGen      total 153600K, used 15577K [0x00000000e0000000, 0x00000000eab00000, 0x0000000100000000)
  eden space 132096K, 0% used [0x00000000e0000000,0x00000000e0000000,0x00000000e8100000)
  from space 21504K, 72% used [0x00000000e8100000,0x00000000e90366c0,0x00000000e9600000)
  to   space 21504K, 0% used [0x00000000e9600000,0x00000000e9600000,0x00000000eab00000)
 ParOldGen       total 349696K, used 589K [0x00000000a0000000, 0x00000000b5580000, 0x00000000e0000000)
  object space 349696K, 0% used [0x00000000a0000000,0x00000000a0093558,0x00000000b5580000)
 PSPermGen       total 41472K, used 41199K [0x0000000090000000, 0x0000000092880000, 0x00000000a0000000)
  object space 41472K, 99% used [0x0000000090000000,0x000000009283bce8,0x0000000092880000)
}
Event: 7.764 GC heap before
{Heap before GC invocations=4 (full 0):
 PSYoungGen      total 153600K, used 147673K [0x00000000e0000000, 0x00000000eab00000, 0x0000000100000000)
  eden space 132096K, 100% used [0x00000000e0000000,0x00000000e8100000,0x00000000e8100000)
  from space 21504K, 72% used [0x00000000e8100000,0x00000000e90366c0,0x00000000e9600000)
  to   space 21504K, 0% used [0x00000000e9600000,0x00000000e9600000,0x00000000eab00000)
 ParOldGen       total 349696K, used 589K [0x00000000a0000000, 0x00000000b5580000, 0x00000000e0000000)
  object space 349696K, 0% used [0x00000000a0000000,0x00000000a0093558,0x00000000b5580000)
 PSPermGen       total 45568K, used 45107K [0x0000000090000000, 0x0000000092c80000, 0x00000000a0000000)
  object space 45568K, 98% used [0x0000000090000000,0x0000000092c0cca8,0x0000000092c80000)
Event: 7.792 GC heap after
Heap after GC invocations=4 (full 0):
 PSYoungGen      total 153600K, used 21486K [0x00000000e0000000, 0x00000000f2c00000, 0x0000000100000000)
  eden space 132096K, 0% used [0x00000000e0000000,0x00000000e0000000,0x00000000e8100000)
  from space 21504K, 99% used [0x00000000e9600000,0x00000000eaafb810,0x00000000eab00000)
  to   space 21504K, 0% used [0x00000000e8100000,0x00000000e8100000,0x00000000e9600000)
 ParOldGen       total 349696K, used 1475K [0x00000000a0000000, 0x00000000b5580000, 0x00000000e0000000)
  object space 349696K, 0% used [0x00000000a0000000,0x00000000a0170f60,0x00000000b5580000)
 PSPermGen       total 45568K, used 45107K [0x0000000090000000, 0x0000000092c80000, 0x00000000a0000000)
  object space 45568K, 98% used [0x0000000090000000,0x0000000092c0cca8,0x0000000092c80000)
}
Event: 9.844 GC heap before
{Heap before GC invocations=5 (full 0):
 PSYoungGen      total 153600K, used 153582K [0x00000000e0000000, 0x00000000f2c00000, 0x0000000100000000)
  eden space 132096K, 100% used [0x00000000e0000000,0x00000000e8100000,0x00000000e8100000)
  from space 21504K, 99% used [0x00000000e9600000,0x00000000eaafb810,0x00000000eab00000)
  to   space 21504K, 0% used [0x00000000e8100000,0x00000000e8100000,0x00000000e9600000)
 ParOldGen       total 349696K, used 1475K [0x00000000a0000000, 0x00000000b5580000, 0x00000000e0000000)
  object space 349696K, 0% used [0x00000000a0000000,0x00000000a0170f60,0x00000000b5580000)
 PSPermGen       total 66560K, used 66211K [0x0000000090000000, 0x0000000094100000, 0x00000000a0000000)
  object space 66560K, 99% used [0x0000000090000000,0x00000000940a8d60,0x0000000094100000)
Event: 9.915 GC heap after
Heap after GC invocations=5 (full 0):
 PSYoungGen      total 153600K, used 21488K [0x00000000e0000000, 0x00000000f6900000, 0x0000000100000000)
  eden space 132096K, 0% used [0x00000000e0000000,0x00000000e0000000,0x00000000e8100000)
  from space 21504K, 99% used [0x00000000e8100000,0x00000000e95fc318,0x00000000e9600000)
  to   space 52736K, 0% used [0x00000000f3580000,0x00000000f3580000,0x00000000f6900000)
 ParOldGen       total 349696K, used 40042K [0x00000000a0000000, 0x00000000b5580000, 0x00000000e0000000)
  object space 349696K, 11% used [0x00000000a0000000,0x00000000a271aa28,0x00000000b5580000)
 PSPermGen       total 66560K, used 66211K [0x0000000090000000, 0x0000000094100000, 0x00000000a0000000)
  object space 66560K, 99% used [0x0000000090000000,0x00000000940a8d60,0x0000000094100000)
}
Event: 15.755 GC heap before
{Heap before GC invocations=6 (full 0):
 PSYoungGen      total 153600K, used 153584K [0x00000000e0000000, 0x00000000f6900000, 0x0000000100000000)
  eden space 132096K, 100% used [0x00000000e0000000,0x00000000e8100000,0x00000000e8100000)
  from space 21504K, 99% used [0x00000000e8100000,0x00000000e95fc318,0x00000000e9600000)
  to   space 52736K, 0% used [0x00000000f3580000,0x00000000f3580000,0x00000000f6900000)
 ParOldGen       total 349696K, used 40042K [0x00000000a0000000, 0x00000000b5580000, 0x00000000e0000000)
  object space 349696K, 11% used [0x00000000a0000000,0x00000000a271aa28,0x00000000b5580000)
 PSPermGen       total 73728K, used 73695K [0x0000000090000000, 0x0000000094800000, 0x00000000a0000000)
  object space 73728K, 99% used [0x0000000090000000,0x00000000947f7c88,0x0000000094800000)
Event: 15.834 GC heap after
Heap after GC invocations=6 (full 0):
 PSYoungGen      total 307712K, used 50219K [0x00000000e0000000, 0x00000000f7b00000, 0x0000000100000000)
  eden space 254976K, 0% used [0x00000000e0000000,0x00000000e0000000,0x00000000ef900000)
  from space 52736K, 95% used [0x00000000f3580000,0x00000000f668adb0,0x00000000f6900000)
  to   space 61952K, 0% used [0x00000000ef900000,0x00000000ef900000,0x00000000f3580000)
 ParOldGen       total 349696K, used 40042K [0x00000000a0000000, 0x00000000b5580000, 0x00000000e0000000)
  object space 349696K, 11% used [0x00000000a0000000,0x00000000a271aa28,0x00000000b5580000)
 PSPermGen       total 73728K, used 73695K [0x0000000090000000, 0x0000000094800000, 0x00000000a0000000)
  object space 73728K, 99% used [0x0000000090000000,0x00000000947f7c88,0x0000000094800000)
}
Event: 22.429 GC heap before
{Heap before GC invocations=7 (full 0):
 PSYoungGen      total 307712K, used 305195K [0x00000000e0000000, 0x00000000f7b00000, 0x0000000100000000)
  eden space 254976K, 100% used [0x00000000e0000000,0x00000000ef900000,0x00000000ef900000)
  from space 52736K, 95% used [0x00000000f3580000,0x00000000f668adb0,0x00000000f6900000)
  to   space 61952K, 0% used [0x00000000ef900000,0x00000000ef900000,0x00000000f3580000)
 ParOldGen       total 349696K, used 40042K [0x00000000a0000000, 0x00000000b5580000, 0x00000000e0000000)
  object space 349696K, 11% used [0x00000000a0000000,0x00000000a271aa28,0x00000000b5580000)
 PSPermGen       total 78848K, used 78415K [0x0000000090000000, 0x0000000094d00000, 0x00000000a0000000)
  object space 78848K, 99% used [0x0000000090000000,0x0000000094c93c30,0x0000000094d00000)

