# JRE version: OpenJDK Runtime Environment (7.0_65-b32) (build 1.7.0_65-b32)
# Java VM: OpenJDK 64-Bit Server VM (24.65-b04 mixed mode linux-amd64 compressed oops)
Heap
 PSYoungGen      total 285696K, used 21496K [0x00000000e0000000, 0x00000000f2c00000, 0x0000000100000000)
  eden space 264192K, 0% used [0x00000000e0000000,0x00000000e0000000,0x00000000f0200000)
  from space 21504K, 99% used [0x00000000f0200000,0x00000000f16fe2c8,0x00000000f1700000)
  to   space 21504K, 0% used [0x00000000f1700000,0x00000000f1700000,0x00000000f2c00000)
 ParOldGen       total 349696K, used 64431K [0x00000000a0000000, 0x00000000b5580000, 0x00000000e0000000)
  object space 349696K, 18% used [0x00000000a0000000,0x00000000a3eebc28,0x00000000b5580000)
 PSPermGen       total 51200K, used 50997K [0x0000000090000000, 0x0000000093200000, 0x00000000a0000000)
  object space 51200K, 99% used [0x0000000090000000,0x00000000931cd680,0x0000000093200000)
GC Heap History (5 events):
Event: 5.237 GC heap before
{Heap before GC invocations=1 (full 0):
 PSYoungGen      total 153600K, used 132096K [0x00000000e0000000, 0x00000000eab00000, 0x0000000100000000)
  eden space 132096K, 100% used [0x00000000e0000000,0x00000000e8100000,0x00000000e8100000)
  from space 21504K, 0% used [0x00000000e9600000,0x00000000e9600000,0x00000000eab00000)
  to   space 21504K, 0% used [0x00000000e8100000,0x00000000e8100000,0x00000000e9600000)
 ParOldGen       total 349696K, used 0K [0x00000000a0000000, 0x00000000b5580000, 0x00000000e0000000)
  object space 349696K, 0% used [0x00000000a0000000,0x00000000a0000000,0x00000000b5580000)
 PSPermGen       total 26624K, used 26372K [0x0000000090000000, 0x0000000091a00000, 0x00000000a0000000)
  object space 26624K, 99% used [0x0000000090000000,0x00000000919c1298,0x0000000091a00000)
Event: 5.292 GC heap after
Heap after GC invocations=1 (full 0):
 PSYoungGen      total 153600K, used 21482K [0x00000000e0000000, 0x00000000f2c00000, 0x0000000100000000)
  eden space 132096K, 0% used [0x00000000e0000000,0x00000000e0000000,0x00000000e8100000)
  from space 21504K, 99% used [0x00000000e8100000,0x00000000e95fab20,0x00000000e9600000)
  to   space 21504K, 0% used [0x00000000f1700000,0x00000000f1700000,0x00000000f2c00000)
 ParOldGen       total 349696K, used 13972K [0x00000000a0000000, 0x00000000b5580000, 0x00000000e0000000)
  object space 349696K, 3% used [0x00000000a0000000,0x00000000a0da53b0,0x00000000b5580000)
 PSPermGen       total 26624K, used 26372K [0x0000000090000000, 0x0000000091a00000, 0x00000000a0000000)
  object space 26624K, 99% used [0x0000000090000000,0x00000000919c1298,0x0000000091a00000)
}
Event: 11.162 GC heap before
{Heap before GC invocations=2 (full 0):
 PSYoungGen      total 153600K, used 153578K [0x00000000e0000000, 0x00000000f2c00000, 0x0000000100000000)
  eden space 132096K, 100% used [0x00000000e0000000,0x00000000e8100000,0x00000000e8100000)
  from space 21504K, 99% used [0x00000000e8100000,0x00000000e95fab20,0x00000000e9600000)
  to   space 21504K, 0% used [0x00000000f1700000,0x00000000f1700000,0x00000000f2c00000)
 ParOldGen       total 349696K, used 13972K [0x00000000a0000000, 0x00000000b5580000, 0x00000000e0000000)
  object space 349696K, 3% used [0x00000000a0000000,0x00000000a0da53b0,0x00000000b5580000)
 PSPermGen       total 39936K, used 39815K [0x0000000090000000, 0x0000000092700000, 0x00000000a0000000)
  object space 39936K, 99% used [0x0000000090000000,0x00000000926e1db8,0x0000000092700000)
Event: 11.227 GC heap after
Heap after GC invocations=2 (full 0):
 PSYoungGen      total 285696K, used 21499K [0x00000000e0000000, 0x00000000f2c00000, 0x0000000100000000)
  eden space 264192K, 0% used [0x00000000e0000000,0x00000000e0000000,0x00000000f0200000)
  from space 21504K, 99% used [0x00000000f1700000,0x00000000f2bfecc0,0x00000000f2c00000)
  to   space 21504K, 0% used [0x00000000f0200000,0x00000000f0200000,0x00000000f1700000)
 ParOldGen       total 349696K, used 48044K [0x00000000a0000000, 0x00000000b5580000, 0x00000000e0000000)
  object space 349696K, 13% used [0x00000000a0000000,0x00000000a2eeb2b0,0x00000000b5580000)
 PSPermGen       total 39936K, used 39815K [0x0000000090000000, 0x0000000092700000, 0x00000000a0000000)
  object space 39936K, 99% used [0x0000000090000000,0x00000000926e1db8,0x0000000092700000)
}
Event: 18.877 GC heap before
{Heap before GC invocations=3 (full 0):
 PSYoungGen      total 285696K, used 285691K [0x00000000e0000000, 0x00000000f2c00000, 0x0000000100000000)
  eden space 264192K, 100% used [0x00000000e0000000,0x00000000f0200000,0x00000000f0200000)
  from space 21504K, 99% used [0x00000000f1700000,0x00000000f2bfecc0,0x00000000f2c00000)
  to   space 21504K, 0% used [0x00000000f0200000,0x00000000f0200000,0x00000000f1700000)
 ParOldGen       total 349696K, used 48044K [0x00000000a0000000, 0x00000000b5580000, 0x00000000e0000000)
  object space 349696K, 13% used [0x00000000a0000000,0x00000000a2eeb2b0,0x00000000b5580000)
 PSPermGen       total 51200K, used 50997K [0x0000000090000000, 0x0000000093200000, 0x00000000a0000000)
  object space 51200K, 99% used [0x0000000090000000,0x00000000931cd680,0x0000000093200000)

