# JRE version: OpenJDK Runtime Environment (7.0_65-b32) (build 1.7.0_65-b32)
# Java VM: OpenJDK 64-Bit Server VM (24.65-b04 mixed mode linux-amd64 compressed oops)
Heap
 PSYoungGen      total 285696K, used 21476K [0x00000000e0000000, 0x00000000f2c00000, 0x0000000100000000)
  eden space 264192K, 0% used [0x00000000e0000000,0x00000000e0000000,0x00000000f0200000)
  from space 21504K, 99% used [0x00000000f1700000,0x00000000f2bf9288,0x00000000f2c00000)
  to   space 21504K, 0% used [0x00000000f0200000,0x00000000f0200000,0x00000000f1700000)
 ParOldGen       total 349696K, used 57250K [0x00000000a0000000, 0x00000000b5580000, 0x00000000e0000000)
  object space 349696K, 16% used [0x00000000a0000000,0x00000000a37e8ac8,0x00000000b5580000)
 PSPermGen       total 66048K, used 65576K [0x0000000090000000, 0x0000000094080000, 0x00000000a0000000)
  object space 66048K, 99% used [0x0000000090000000,0x000000009400a2d0,0x0000000094080000)
GC Heap History (7 events):
Event: 5.204 GC heap before
{Heap before GC invocations=1 (full 0):
 PSYoungGen      total 153600K, used 132096K [0x00000000e0000000, 0x00000000eab00000, 0x0000000100000000)
  eden space 132096K, 100% used [0x00000000e0000000,0x00000000e8100000,0x00000000e8100000)
  from space 21504K, 0% used [0x00000000e9600000,0x00000000e9600000,0x00000000eab00000)
  to   space 21504K, 0% used [0x00000000e8100000,0x00000000e8100000,0x00000000e9600000)
 ParOldGen       total 349696K, used 0K [0x00000000a0000000, 0x00000000b5580000, 0x00000000e0000000)
  object space 349696K, 0% used [0x00000000a0000000,0x00000000a0000000,0x00000000b5580000)
 PSPermGen       total 28672K, used 28186K [0x0000000090000000, 0x0000000091c00000, 0x00000000a0000000)
  object space 28672K, 98% used [0x0000000090000000,0x0000000091b868f8,0x0000000091c00000)
Event: 5.276 GC heap after
Heap after GC invocations=1 (full 0):
 PSYoungGen      total 153600K, used 21474K [0x00000000e0000000, 0x00000000f2c00000, 0x0000000100000000)
  eden space 132096K, 0% used [0x00000000e0000000,0x00000000e0000000,0x00000000e8100000)
  from space 21504K, 99% used [0x00000000e8100000,0x00000000e95f8a50,0x00000000e9600000)
  to   space 21504K, 0% used [0x00000000f1700000,0x00000000f1700000,0x00000000f2c00000)
 ParOldGen       total 349696K, used 591K [0x00000000a0000000, 0x00000000b5580000, 0x00000000e0000000)
  object space 349696K, 0% used [0x00000000a0000000,0x00000000a0093d20,0x00000000b5580000)
 PSPermGen       total 28672K, used 28186K [0x0000000090000000, 0x0000000091c00000, 0x00000000a0000000)
  object space 28672K, 98% used [0x0000000090000000,0x0000000091b868f8,0x0000000091c00000)
}
Event: 9.248 GC heap before
{Heap before GC invocations=2 (full 0):
 PSYoungGen      total 153600K, used 153570K [0x00000000e0000000, 0x00000000f2c00000, 0x0000000100000000)
  eden space 132096K, 100% used [0x00000000e0000000,0x00000000e8100000,0x00000000e8100000)
  from space 21504K, 99% used [0x00000000e8100000,0x00000000e95f8a50,0x00000000e9600000)
  to   space 21504K, 0% used [0x00000000f1700000,0x00000000f1700000,0x00000000f2c00000)
 ParOldGen       total 349696K, used 591K [0x00000000a0000000, 0x00000000b5580000, 0x00000000e0000000)
  object space 349696K, 0% used [0x00000000a0000000,0x00000000a0093d20,0x00000000b5580000)
 PSPermGen       total 37376K, used 36900K [0x0000000090000000, 0x0000000092480000, 0x00000000a0000000)
  object space 37376K, 98% used [0x0000000090000000,0x00000000924092c0,0x0000000092480000)
Event: 9.279 GC heap after
Heap after GC invocations=2 (full 0):
 PSYoungGen      total 285696K, used 14666K [0x00000000e0000000, 0x00000000f2c00000, 0x0000000100000000)
  eden space 264192K, 0% used [0x00000000e0000000,0x00000000e0000000,0x00000000f0200000)
  from space 21504K, 68% used [0x00000000f1700000,0x00000000f2552ad8,0x00000000f2c00000)
  to   space 21504K, 0% used [0x00000000f0200000,0x00000000f0200000,0x00000000f1700000)
 ParOldGen       total 349696K, used 599K [0x00000000a0000000, 0x00000000b5580000, 0x00000000e0000000)
  object space 349696K, 0% used [0x00000000a0000000,0x00000000a0095d20,0x00000000b5580000)
 PSPermGen       total 37376K, used 36900K [0x0000000090000000, 0x0000000092480000, 0x00000000a0000000)
  object space 37376K, 98% used [0x0000000090000000,0x00000000924092c0,0x0000000092480000)
}
Event: 13.790 GC heap before
{Heap before GC invocations=3 (full 0):
 PSYoungGen      total 285696K, used 278858K [0x00000000e0000000, 0x00000000f2c00000, 0x0000000100000000)
  eden space 264192K, 100% used [0x00000000e0000000,0x00000000f0200000,0x00000000f0200000)
  from space 21504K, 68% used [0x00000000f1700000,0x00000000f2552ad8,0x00000000f2c00000)
  to   space 21504K, 0% used [0x00000000f0200000,0x00000000f0200000,0x00000000f1700000)
 ParOldGen       total 349696K, used 599K [0x00000000a0000000, 0x00000000b5580000, 0x00000000e0000000)
  object space 349696K, 0% used [0x00000000a0000000,0x00000000a0095d20,0x00000000b5580000)
 PSPermGen       total 45568K, used 45106K [0x0000000090000000, 0x0000000092c80000, 0x00000000a0000000)
  object space 45568K, 98% used [0x0000000090000000,0x0000000092c0c940,0x0000000092c80000)
Event: 13.819 GC heap after
Heap after GC invocations=3 (full 0):
 PSYoungGen      total 285696K, used 21492K [0x00000000e0000000, 0x00000000f2c00000, 0x0000000100000000)
  eden space 264192K, 0% used [0x00000000e0000000,0x00000000e0000000,0x00000000f0200000)
  from space 21504K, 99% used [0x00000000f0200000,0x00000000f16fd3c8,0x00000000f1700000)
  to   space 21504K, 0% used [0x00000000f1700000,0x00000000f1700000,0x00000000f2c00000)
 ParOldGen       total 349696K, used 4849K [0x00000000a0000000, 0x00000000b5580000, 0x00000000e0000000)
  object space 349696K, 1% used [0x00000000a0000000,0x00000000a04bc418,0x00000000b5580000)
 PSPermGen       total 45568K, used 45106K [0x0000000090000000, 0x0000000092c80000, 0x00000000a0000000)
  object space 45568K, 98% used [0x0000000090000000,0x0000000092c0c940,0x0000000092c80000)
}
Event: 17.593 GC heap before
{Heap before GC invocations=4 (full 0):
 PSYoungGen      total 285696K, used 285684K [0x00000000e0000000, 0x00000000f2c00000, 0x0000000100000000)
  eden space 264192K, 100% used [0x00000000e0000000,0x00000000f0200000,0x00000000f0200000)
  from space 21504K, 99% used [0x00000000f0200000,0x00000000f16fd3c8,0x00000000f1700000)
  to   space 21504K, 0% used [0x00000000f1700000,0x00000000f1700000,0x00000000f2c00000)
 ParOldGen       total 349696K, used 4849K [0x00000000a0000000, 0x00000000b5580000, 0x00000000e0000000)
  object space 349696K, 1% used [0x00000000a0000000,0x00000000a04bc418,0x00000000b5580000)
 PSPermGen       total 66048K, used 65576K [0x0000000090000000, 0x0000000094080000, 0x00000000a0000000)
  object space 66048K, 99% used [0x0000000090000000,0x000000009400a2d0,0x0000000094080000)

